2024-01-07-17:26:50 INFO  Edge browser is configured
2024-01-07-17:26:57 INFO  Test case-8 usermenu option is clicked
2024-01-07-17:26:57 INFO  Test case-8 Usermenu items verified
2024-01-07-17:26:57 INFO  Corresponding usermenu optin is clicked
2024-01-07-17:26:57 INFO  Test case-8 Developer console option is selected
2024-01-07-17:27:03 INFO  Parent window is captured
2024-01-07-17:27:03 INFO  WebDriver switches to the child window
2024-01-07-17:27:03 INFO  Child window is closed
2024-01-07-17:27:03 INFO  Test case-8 is working as expected
2024-01-07-17:27:06 INFO  Edge browser is configured
2024-01-07-17:27:12 INFO  Test case 9-Usermenu is clicked
2024-01-07-17:27:12 INFO  Corresponding usermenu optin is clicked
2024-01-07-17:27:12 INFO  Test case 9-Logout option is selected
2024-01-07-17:27:18 INFO  Login page is displayed
2024-01-07-17:27:18 INFO  Test case 9 is successfully executed
2024-07-16-20:11:39 INFO  Edge browser is configured
2024-07-22-16:03:28 INFO  Edge browser is configured
2024-07-27-08:28:42 INFO  Edge browser is configured
2024-07-27-13:10:22 INFO  Edge browser is configured
2024-07-27-16:38:46 INFO  Edge browser is configured
2024-09-13-08:49:32 INFO  Edge browser is configured
2024-09-16-08:45:10 INFO  Edge browser is configured
2024-09-16-08:47:45 INFO  Edge browser is configured
2024-09-16-08:47:59 INFO  Edge browser is configured
2024-09-16-08:48:08 INFO  Edge browser is configured
2024-09-16-08:51:55 INFO  Edge browser is configured
2024-09-16-08:52:01 INFO  Edge browser is configured
2024-09-16-08:52:08 INFO  Edge browser is configured
2024-09-16-08:56:22 INFO  Edge browser is configured
2024-09-16-08:56:27 INFO  Edge browser is configured
2024-09-16-08:56:34 INFO  Edge browser is configured
